  Button.cpp
  Input.cpp
  GraphicView.cpp
D:\c\Library\Library\View\GraphicView.cpp(227,21): warning C4244: 'argument': conversion from 'int' to 'float', possible loss of data
D:\c\Library\Library\View\GraphicView.cpp(233,21): warning C4244: 'argument': conversion from 'int' to 'float', possible loss of data
D:\c\Library\Library\View\GraphicView.cpp(239,21): warning C4244: 'argument': conversion from 'int' to 'float', possible loss of data
D:\c\Library\Library\View\GraphicView.cpp(245,21): warning C4244: 'argument': conversion from 'int' to 'float', possible loss of data
D:\c\Library\Library\View\GraphicView.cpp(251,44): warning C4244: 'argument': conversion from 'int' to 'float', possible loss of data
D:\c\Library\Library\View\GraphicView.cpp(251,21): warning C4244: 'argument': conversion from 'int' to 'float', possible loss of data
D:\c\Library\Library\View\GraphicView.cpp(257,44): warning C4244: 'argument': conversion from 'int' to 'float', possible loss of data
D:\c\Library\Library\View\GraphicView.cpp(257,21): warning C4244: 'argument': conversion from 'int' to 'float', possible loss of data
  CreatePage.cpp
  CreatePersonPage.cpp
  CreateSongPage.cpp
  ExitPage.cpp
  HomePage.cpp
  ListPage.cpp
  SavePage.cpp
  main.cpp
  Generating Code...
  LINK : D:\c\Library\Debug\Library.exe not found or not built by the last incremental link; performing full link
  Library.vcxproj -> D:\c\Library\Debug\Library.exe
