d:\c\library\library\debug\vc142.pdb
d:\c\library\library\debug\vc142.idb
d:\c\library\library\debug\main.obj
d:\c\library\library\debug\controller.obj
d:\c\library\library\debug\graphicview.obj
d:\c\library\library\debug\listitem.obj
d:\c\library\library\debug\button.obj
d:\c\library\library\debug\input.obj
d:\c\library\library\debug\createpage.obj
d:\c\library\library\debug\homepage.obj
d:\c\library\library\debug\listpage.obj
d:\c\library\debug\library.exe
d:\c\library\debug\library.ilk
d:\c\library\debug\library.pdb
d:\c\library\library\debug\library.tlog\cl.command.1.tlog
d:\c\library\library\debug\library.tlog\cl.read.1.tlog
d:\c\library\library\debug\library.tlog\cl.write.1.tlog
d:\c\library\library\debug\library.tlog\link.command.1.tlog
d:\c\library\library\debug\library.tlog\link.read.1.tlog
d:\c\library\library\debug\library.tlog\link.write.1.tlog
